> Task :gradle:checkKotlinGradlePluginConfigurationErrors SKIPPED
> Task :gradle:compileKotlin UP-TO-DATE
> Task :gradle:compileJava NO-SOURCE
> Task :gradle:compileGroovy NO-SOURCE
> Task :gradle:pluginDescriptors UP-TO-DATE
> Task :gradle:processResources UP-TO-DATE
> Task :gradle:classes UP-TO-DATE
> Task :gradle:jar UP-TO-DATE

> Configure project :app
w: file:///D:/ecg_flutter_app/android/app/build.gradle.kts:25:9: 'jvmTarget: String' is deprecated. Please migrate to the compilerOptions DSL. More details are here: https://kotl.in/u1r8ln
WARNING: Using flatDir should be avoided because it doesn't support any meta-data formats.

> Task :app:DebugMinSdkCheck
> Task :app:preBuild UP-TO-DATE
> Task :app:preDebugBuild UP-TO-DATE
> Task :app:mergeDebugNativeDebugMetadata NO-SOURCE
> Task :app:checkKotlinGradlePluginConfigurationErrors SKIPPED
> Task :app:compileFlutterBuildDebug
> Task :app:packJniLibsflutterBuildDebug UP-TO-DATE
> Task :app:checkDebugAarMetadata
> Task :app:cleanMergeDebugAssets
> Task :app:mergeDebugShaders UP-TO-DATE
> Task :app:compileDebugShaders NO-SOURCE
> Task :app:generateDebugAssets UP-TO-DATE
> Task :app:mergeDebugAssets
> Task :app:copyFlutterAssetsDebug
> Task :app:generateDebugResValues UP-TO-DATE
> Task :app:mapDebugSourceSetPaths
> Task :app:generateDebugResources
> Task :app:packageDebugResources
> Task :app:createDebugCompatibleScreenManifests UP-TO-DATE
> Task :app:extractDeepLinksDebug UP-TO-DATE
> Task :app:parseDebugLocalResources
> Task :app:processDebugMainManifest
> Task :app:outputDebugAppLinkSettings
> Task :app:processDebugManifest
> Task :app:javaPreCompileDebug UP-TO-DATE
> Task :app:compressDebugAssets UP-TO-DATE
> Task :app:desugarDebugFileDependencies UP-TO-DATE
> Task :app:mergeDebugResources
> Task :app:checkDebugDuplicateClasses FAILED
> Task :app:configureCMakeDebug[arm64-v8a]
> Task :app:processDebugManifestForPackage

[Incubating] Problems report is available at: file:///D:/ecg_flutter_app/build/reports/problems/problems-report.html

FAILURE: Build failed with an exception.

* What went wrong:
Execution failed for task ':app:checkDebugDuplicateClasses'.
> A failure occurred while executing com.android.build.gradle.internal.tasks.CheckDuplicatesRunnable
   > Duplicate class android.support.v4.app.INotificationSideChannel found in modules core-1.13.1.aar -> core-1.13.1-runtime (androidx.core:core:1.13.1) and support-v4-22.1.1.aar -> support-v4-22.1.1-runtime (com.android.support:support-v4:22.1.1)
     Duplicate class android.support.v4.app.INotificationSideChannel$Stub found in modules core-1.13.1.aar -> core-1.13.1-runtime (androidx.core:core:1.13.1) and support-v4-22.1.1.aar -> support-v4-22.1.1-runtime (com.android.support:support-v4:22.1.1)
     Duplicate class android.support.v4.app.INotificationSideChannel$Stub$Proxy found in modules core-1.13.1.aar -> core-1.13.1-runtime (androidx.core:core:1.13.1) and support-v4-22.1.1.aar -> support-v4-22.1.1-runtime (com.android.support:support-v4:22.1.1)
     
     Learn how to fix dependency resolution errors at https://d.android.com/r/tools/classpath-sync-errors

* Try:
> Run with --stacktrace option to get the stack trace.
> Run with --info or --debug option to get more log output.
> Run with --scan to get full insights.
> Get more help at https://help.gradle.org.

Deprecated Gradle features were used in this build, making it incompatible with Gradle 9.0.

You can use '--warning-mode all' to show the individual deprecation warnings and determine if they come from your own scripts or plugins.

For more on this, please refer to https://docs.gradle.org/8.14/userguide/command_line_interface.html#sec:command_line_warnings in the Gradle documentation.

BUILD FAILED in 37s
29 actionable tasks: 17 executed, 12 up-to-date
